{"level":"info","message":"Successfully got the user details","timestamp":"2023-05-29T09:22:25.186Z"}
{"level":"info","message":"Successfully searched the products","timestamp":"2023-05-29T11:27:51.176Z"}
{"level":"info","message":"Successfully retrieved all the products","timestamp":"2023-05-29T11:28:09.365Z"}
{"level":"info","message":"Successfully retrieved all the user details","timestamp":"2023-05-29T11:28:18.096Z"}
{"level":"info","message":"Successfully retrieved all the offer details","timestamp":"2023-05-29T11:32:11.298Z"}
{"level":"info","message":"Successfully retrieved all the reviews","timestamp":"2023-05-29T11:32:22.314Z"}
{"level":"info","message":"Review created","timestamp":"2023-05-29T11:33:37.426Z"}
{"level":"info","message":"Review deleted","timestamp":"2023-05-29T11:47:56.394Z"}
{"level":"info","message":"Successfully retrieved all the reviews","timestamp":"2023-05-29T11:47:59.928Z"}
{"level":"info","message":"Review created","timestamp":"2023-05-29T11:48:15.329Z"}
{"level":"info","message":"Review deleted","timestamp":"2023-05-29T11:51:59.468Z"}
{"level":"info","message":"Review created","timestamp":"2023-05-29T11:52:02.378Z"}
{"level":"info","message":"Review deleted","timestamp":"2023-05-29T11:53:45.333Z"}
{"level":"info","message":"Review created","timestamp":"2023-05-29T11:53:51.222Z"}
{"level":"info","message":"Review deleted","timestamp":"2023-05-29T11:54:00.222Z"}
{"level":"info","message":"Review created","timestamp":"2023-05-29T11:54:02.501Z"}
{"level":"info","message":"Review deleted","timestamp":"2023-05-29T11:54:14.872Z"}
{"level":"info","message":"Review created","timestamp":"2023-05-29T11:54:18.355Z"}
{"level":"info","message":"Review updated","timestamp":"2023-05-29T11:57:30.827Z"}
{"level":"info","message":"Review updated","timestamp":"2023-05-29T11:57:38.771Z"}
{"level":"info","message":"Review deleted","timestamp":"2023-05-29T11:58:12.770Z"}
{"level":"info","message":"Review created","timestamp":"2023-05-29T12:07:08.924Z"}
{"level":"info","message":"User created successfully","timestamp":"2023-05-29T13:47:30.165Z"}
{"level":"info","message":"User created successfully","timestamp":"2023-05-29T13:47:45.658Z"}
{"level":"info","message":"User created successfully","timestamp":"2023-05-29T13:49:54.734Z"}
{"level":"info","message":"User created successfully","timestamp":"2023-05-29T13:52:10.811Z"}
{"level":"info","message":"User created successfully","timestamp":"2023-05-29T13:54:20.770Z"}
{"level":"info","message":"User created successfully","timestamp":"2023-05-29T13:54:37.928Z"}
{"level":"info","message":"User created successfully","timestamp":"2023-05-29T13:54:42.530Z"}
{"level":"info","message":"User created successfully","timestamp":"2023-05-29T16:54:09.113Z"}
{"level":"info","message":"User created successfully","timestamp":"2023-05-29T16:55:26.881Z"}
{"level":"info","message":"User created successfully","timestamp":"2023-05-29T16:56:32.120Z"}
{"level":"info","message":"User created successfully","timestamp":"2023-05-29T16:56:43.012Z"}
{"level":"info","message":"User created successfully","timestamp":"2023-05-29T17:00:21.456Z"}
{"level":"info","message":"User created successfully","timestamp":"2023-05-29T17:01:41.837Z"}
{"level":"info","message":"User created successfully","timestamp":"2023-05-29T17:02:08.436Z"}
{"level":"info","message":"User created successfully","timestamp":"2023-05-29T17:03:28.344Z"}
{"level":"info","message":"Successfully retrieved the user details","timestamp":"2023-05-29T17:03:50.382Z"}
{"level":"info","message":"Successfully retrieved the user details","timestamp":"2023-05-29T17:03:57.966Z"}
{"level":"info","message":"Successfully retrieved the user details","timestamp":"2023-05-29T17:04:18.066Z"}
{"level":"info","message":"Successfully retrieved the user details","timestamp":"2023-05-29T17:09:36.922Z"}
{"level":"info","message":"Successfully retrieved the user details","timestamp":"2023-05-29T17:09:40.281Z"}
{"level":"info","message":"Successfully retrieved the user details","timestamp":"2023-05-29T17:19:02.357Z"}
{"level":"info","message":"User updated","timestamp":"2023-05-29T17:19:21.797Z"}
{"level":"info","message":"User updated","timestamp":"2023-05-29T17:20:09.131Z"}
{"level":"info","message":"User updated","timestamp":"2023-05-29T17:20:17.643Z"}
{"level":"info","message":"User updated","timestamp":"2023-05-29T17:21:08.758Z"}
{"level":"info","message":"Successfully filtered the user details","timestamp":"2023-05-29T17:21:54.712Z"}
{"level":"info","message":"Successfully filtered the user details","timestamp":"2023-05-29T17:22:18.838Z"}
{"level":"info","message":"Successfully filtered the user details","timestamp":"2023-05-29T17:22:26.028Z"}
{"level":"info","message":"Successfully filtered the user details","timestamp":"2023-05-29T17:22:56.343Z"}
{"level":"info","message":"Successfully filtered the user details","timestamp":"2023-05-29T17:23:01.303Z"}
{"level":"info","message":"Login successful","timestamp":"2023-05-29T17:26:33.793Z"}
{"level":"info","message":"Login successful","timestamp":"2023-05-29T17:26:58.657Z"}
{"level":"info","message":"Product added successfully in the cart","timestamp":"2023-05-29T17:28:39.583Z"}
{"level":"info","message":"Successfully retrieved all the cart details","timestamp":"2023-05-29T17:28:50.958Z"}
{"level":"info","message":"Product removed","timestamp":"2023-05-29T17:29:06.024Z"}
{"level":"info","message":"Product added successfully in the cart","timestamp":"2023-05-29T17:29:14.027Z"}
{"level":"info","message":"Product removed","timestamp":"2023-05-29T17:29:19.142Z"}
{"level":"info","message":"Product added successfully in the cart","timestamp":"2023-05-29T17:30:43.091Z"}
{"level":"info","message":"Product removed","timestamp":"2023-05-29T17:30:45.868Z"}
{"level":"info","message":"Product added successfully in the cart","timestamp":"2023-05-29T17:31:02.642Z"}
{"level":"info","message":"Product quantity increment successfully","timestamp":"2023-05-29T17:31:05.657Z"}
{"level":"info","message":"Product quantity decrement successfully","timestamp":"2023-05-29T17:31:12.065Z"}
{"level":"info","message":"Product quantity decrement successfully","timestamp":"2023-05-29T17:31:15.280Z"}
{"level":"info","message":"Product quantity decrement successfully","timestamp":"2023-05-29T17:31:17.468Z"}
{"level":"info","message":"Product quantity decrement successfully","timestamp":"2023-05-29T17:31:21.926Z"}
{"level":"info","message":"Product quantity increment successfully","timestamp":"2023-05-29T17:31:27.906Z"}
{"level":"info","message":"Product quantity increment successfully","timestamp":"2023-05-29T17:31:45.163Z"}
{"level":"info","message":"The cart have been successfully sorted","timestamp":"2023-05-29T17:32:26.387Z"}
{"level":"info","message":"The cart have been successfully sorted","timestamp":"2023-05-29T17:32:33.396Z"}
{"level":"info","message":"The cart have been successfully sorted","timestamp":"2023-05-29T17:32:37.146Z"}
{"level":"info","message":"Successfully searched the cart details","timestamp":"2023-05-29T17:32:59.832Z"}
{"level":"info","message":"Successfully searched the cart details","timestamp":"2023-05-29T17:33:04.851Z"}
{"level":"info","message":"Successfully searched the cart details","timestamp":"2023-05-29T17:33:08.127Z"}
{"level":"info","message":"Successfully searched the cart details","timestamp":"2023-05-29T17:33:15.716Z"}
{"level":"info","message":"The cart has been emptied successfully","timestamp":"2023-05-29T17:33:35.305Z"}
{"level":"info","message":"Product added successfully in the cart","timestamp":"2023-05-29T17:33:43.334Z"}
{"level":"info","message":"Product added successfully in the cart","timestamp":"2023-05-29T17:33:46.258Z"}
{"level":"info","message":"Offer created","timestamp":"2023-05-29T17:52:27.591Z"}
{"level":"info","message":"Offer created","timestamp":"2023-05-29T17:52:54.056Z"}
{"level":"info","message":"Offer created","timestamp":"2023-05-29T17:53:19.230Z"}
{"level":"info","message":"Offer created","timestamp":"2023-05-29T17:53:36.741Z"}
{"level":"info","message":"Successfully retrieved all the offer details","timestamp":"2023-05-29T17:53:45.590Z"}
{"level":"info","message":"Offer updated","timestamp":"2023-05-29T17:54:02.041Z"}
{"level":"info","message":"Offer updated","timestamp":"2023-05-29T17:54:39.332Z"}
{"level":"info","message":"Successfully retrieved all the offer details","timestamp":"2023-05-29T17:54:44.464Z"}
{"level":"info","message":"Offer created","timestamp":"2023-05-29T17:54:49.003Z"}
{"level":"info","message":"Offer updated","timestamp":"2023-05-29T17:54:53.841Z"}
{"level":"info","message":"Offer updated","timestamp":"2023-05-29T17:55:24.408Z"}
{"level":"info","message":"Offer updated","timestamp":"2023-05-29T17:55:36.723Z"}
{"level":"info","message":"Offer updated","timestamp":"2023-05-29T17:57:21.722Z"}
{"level":"info","message":"Offer updated","timestamp":"2023-05-29T17:57:28.948Z"}
{"level":"info","message":"Offer created","timestamp":"2023-05-29T17:57:46.652Z"}
{"level":"info","message":"Offer created","timestamp":"2023-05-29T18:01:32.504Z"}
{"level":"info","message":"Offer created","timestamp":"2023-05-29T18:01:35.527Z"}
{"level":"info","message":"Offer created","timestamp":"2023-05-29T18:02:00.932Z"}
{"level":"info","message":"Offer created","timestamp":"2023-05-29T18:02:04.984Z"}
{"level":"info","message":"Product created","timestamp":"2023-05-29T18:05:31.468Z"}
{"level":"info","message":"Product created","timestamp":"2023-05-29T18:06:35.938Z"}
{"level":"info","message":"Product created","timestamp":"2023-05-29T18:06:59.054Z"}
{"level":"info","message":"Product created","timestamp":"2023-05-30T08:06:32.496Z"}
{"level":"info","message":"Product created","timestamp":"2023-05-30T08:06:42.149Z"}
{"level":"info","message":"User created successfully","timestamp":"2023-05-30T08:36:10.772Z"}
{"level":"info","message":"Product created","timestamp":"2023-05-30T08:39:59.008Z"}
{"level":"info","message":"Product created","timestamp":"2023-05-30T08:40:49.756Z"}
{"level":"info","message":"Product created","timestamp":"2023-05-30T08:40:51.997Z"}
{"level":"info","message":"Product created","timestamp":"2023-05-30T08:41:02.803Z"}
{"level":"info","message":"Product created","timestamp":"2023-05-30T08:47:05.213Z"}
{"level":"info","message":"Product created","timestamp":"2023-05-30T08:51:20.365Z"}
{"level":"info","message":"Successfully retrieved all the products","timestamp":"2023-05-30T08:51:37.502Z"}
{"level":"info","message":"Product updated","timestamp":"2023-05-30T08:54:56.607Z"}
{"level":"info","message":"Successfully searched the products","timestamp":"2023-05-30T08:56:40.445Z"}
{"level":"info","message":"Successfully searched the products","timestamp":"2023-05-30T08:57:01.826Z"}
{"level":"info","message":"Successfully searched the products","timestamp":"2023-05-30T08:57:15.718Z"}
{"level":"info","message":"Successfully searched the products","timestamp":"2023-05-30T08:57:19.875Z"}
{"level":"info","message":"Successfully searched the products","timestamp":"2023-05-30T08:57:35.045Z"}
{"level":"info","message":"Successfully searched the products","timestamp":"2023-05-30T08:57:38.756Z"}
{"level":"info","message":"The cart have been successfully sorted","timestamp":"2023-05-30T08:59:33.550Z"}
{"level":"info","message":"The cart have been successfully sorted","timestamp":"2023-05-30T08:59:39.332Z"}
{"level":"info","message":"The cart have been successfully sorted","timestamp":"2023-05-30T09:00:00.605Z"}
{"level":"info","message":"Successfully searched the products","timestamp":"2023-05-30T09:03:41.087Z"}
{"level":"info","message":"Successfully searched the products","timestamp":"2023-05-30T09:03:47.672Z"}
{"level":"info","message":"Successfully searched the products","timestamp":"2023-05-30T09:04:24.617Z"}
{"level":"info","message":"Successfully searched the products","timestamp":"2023-05-30T09:04:37.058Z"}
{"level":"info","message":"Successfully searched the products","timestamp":"2023-05-30T09:04:53.529Z"}
{"level":"info","message":"Successfully searched the products","timestamp":"2023-05-30T09:05:15.403Z"}
{"level":"info","message":"Successfully searched the products","timestamp":"2023-05-30T09:05:39.706Z"}
{"level":"info","message":"Successfully searched the products","timestamp":"2023-05-30T09:05:53.332Z"}
{"level":"info","message":"Successfully searched the products","timestamp":"2023-05-30T09:06:19.961Z"}
{"level":"info","message":"Successfully searched the products","timestamp":"2023-05-30T09:06:39.861Z"}
{"level":"info","message":"The products have been successfully sorted","timestamp":"2023-05-30T09:06:59.457Z"}
{"level":"info","message":"Product added successfully in the cart","timestamp":"2023-05-30T09:57:26.494Z"}
{"level":"info","message":"Product quantity incremented successfully","timestamp":"2023-05-30T09:58:10.682Z"}
{"level":"info","message":"Product quantity decremented successfully","timestamp":"2023-05-30T09:58:42.333Z"}
{"level":"info","message":"Product quantity decremented successfully","timestamp":"2023-05-30T09:58:49.355Z"}
{"level":"info","message":"Product quantity incremented successfully","timestamp":"2023-05-30T09:58:59.450Z"}
{"level":"info","message":"Product quantity decremented successfully","timestamp":"2023-05-30T09:59:12.220Z"}
{"level":"info","message":"Product quantity decremented successfully","timestamp":"2023-05-30T09:59:17.826Z"}
{"level":"info","message":"Product quantity decremented successfully","timestamp":"2023-05-30T09:59:22.917Z"}
{"level":"info","message":"Product quantity incremented successfully","timestamp":"2023-05-30T09:59:31.286Z"}
{"level":"info","message":"Product quantity incremented successfully","timestamp":"2023-05-30T10:00:06.302Z"}
{"level":"info","message":"Product quantity incremented successfully","timestamp":"2023-05-30T10:02:05.317Z"}
{"level":"info","message":"Product quantity incremented successfully","timestamp":"2023-05-30T10:03:39.565Z"}
{"level":"info","message":"Product quantity decremented successfully","timestamp":"2023-05-30T10:06:02.192Z"}
{"level":"info","message":"Product quantity incremented successfully","timestamp":"2023-05-30T10:06:14.290Z"}
{"level":"info","message":"Product quantity incremented successfully","timestamp":"2023-05-30T10:06:17.339Z"}
{"level":"info","message":"Product quantity decremented successfully","timestamp":"2023-05-30T10:06:24.544Z"}
{"level":"info","message":"Product quantity decremented successfully","timestamp":"2023-05-30T10:06:27.134Z"}
{"level":"info","message":"Product quantity decremented successfully","timestamp":"2023-05-30T10:06:28.166Z"}
{"level":"info","message":"Product quantity decremented successfully","timestamp":"2023-05-30T10:06:29.077Z"}
{"level":"info","message":"Product removed","timestamp":"2023-05-30T10:06:30.755Z"}
{"level":"info","message":"Product added successfully in the cart","timestamp":"2023-05-30T10:06:45.730Z"}
{"level":"info","message":"Product removed","timestamp":"2023-05-30T10:06:49.168Z"}
{"level":"info","message":"Product added successfully in the cart","timestamp":"2023-05-30T10:06:55.523Z"}
{"level":"info","message":"Product removed","timestamp":"2023-05-30T10:07:05.632Z"}
{"level":"info","message":"Product added successfully in the cart","timestamp":"2023-05-30T10:07:10.318Z"}
{"level":"info","message":"Product added successfully in the cart","timestamp":"2023-05-30T10:07:11.017Z"}
{"level":"info","message":"Product quantity incremented successfully","timestamp":"2023-05-30T10:07:16.635Z"}
{"level":"info","message":"Product quantity incremented successfully","timestamp":"2023-05-30T10:11:34.214Z"}
{"level":"info","message":"Product quantity incremented successfully","timestamp":"2023-05-30T10:11:37.350Z"}
{"level":"info","message":"Product quantity decremented successfully","timestamp":"2023-05-30T10:11:43.052Z"}
{"level":"info","message":"Product quantity decremented successfully","timestamp":"2023-05-30T10:11:47.907Z"}
{"level":"info","message":"Product removed","timestamp":"2023-05-30T10:11:54.704Z"}
{"level":"info","message":"Product added successfully in the cart","timestamp":"2023-05-30T10:12:00.282Z"}
{"level":"info","message":"Product removed","timestamp":"2023-05-30T10:12:05.558Z"}
{"level":"info","message":"Product added successfully in the cart","timestamp":"2023-05-30T10:12:08.275Z"}
{"level":"info","message":"Product quantity incremented successfully","timestamp":"2023-05-30T10:12:12.844Z"}
{"level":"info","message":"Product quantity incremented successfully","timestamp":"2023-05-30T10:12:17.872Z"}
{"level":"info","message":"Product quantity incremented successfully","timestamp":"2023-05-30T10:12:20.086Z"}
{"level":"info","message":"Product quantity decremented successfully","timestamp":"2023-05-30T10:12:29.363Z"}
{"level":"info","message":"Product quantity incremented successfully","timestamp":"2023-05-30T10:12:41.324Z"}
{"level":"info","message":"Product quantity incremented successfully","timestamp":"2023-05-30T10:12:44.537Z"}
{"level":"info","message":"Product quantity incremented successfully","timestamp":"2023-05-30T10:14:22.237Z"}
{"level":"info","message":"Product quantity incremented successfully","timestamp":"2023-05-30T10:14:24.870Z"}
{"level":"info","message":"Product quantity decremented successfully","timestamp":"2023-05-30T10:14:29.030Z"}
{"level":"info","message":"Product quantity decremented successfully","timestamp":"2023-05-30T10:14:32.416Z"}
{"level":"info","message":"Product removed","timestamp":"2023-05-30T10:14:34.681Z"}
{"level":"info","message":"Product added successfully in the cart","timestamp":"2023-05-30T10:14:40.641Z"}
{"level":"info","message":"Product quantity incremented successfully","timestamp":"2023-05-30T10:14:45.103Z"}
{"level":"info","message":"Product quantity incremented successfully","timestamp":"2023-05-30T10:14:50.804Z"}
{"level":"info","message":"Product quantity decremented successfully","timestamp":"2023-05-30T10:14:57.151Z"}
{"level":"info","message":"Product added successfully in the cart","timestamp":"2023-05-30T11:18:52.287Z"}
{"level":"info","message":"The cart has been emptied successfully","timestamp":"2023-05-30T11:19:01.610Z"}
{"level":"info","message":"Product added successfully in the cart","timestamp":"2023-05-30T11:19:06.149Z"}
{"level":"info","message":"Product added successfully in the cart","timestamp":"2023-05-30T11:19:09.910Z"}
{"level":"info","message":"Product added successfully in the cart","timestamp":"2023-05-30T11:19:10.853Z"}
{"level":"info","message":"Product quantity incremented successfully","timestamp":"2023-05-30T11:19:15.932Z"}
{"level":"info","message":"Product quantity decremented successfully","timestamp":"2023-05-30T11:19:21.867Z"}
{"level":"info","message":"Product quantity decremented successfully","timestamp":"2023-05-30T11:19:26.071Z"}
{"level":"info","message":"Product quantity decremented successfully","timestamp":"2023-05-30T11:19:28.041Z"}
{"level":"info","message":"Product removed","timestamp":"2023-05-30T11:19:30.039Z"}
{"level":"info","message":"Product added successfully in the cart","timestamp":"2023-05-30T11:19:42.422Z"}
{"level":"info","message":"Product quantity incremented successfully","timestamp":"2023-05-30T11:20:17.966Z"}
{"level":"info","message":"Product quantity incremented successfully","timestamp":"2023-05-30T11:20:18.906Z"}
{"level":"info","message":"Product quantity decremented successfully","timestamp":"2023-05-30T11:20:24.613Z"}
{"level":"info","message":"Product quantity decremented successfully","timestamp":"2023-05-30T11:20:27.763Z"}
{"level":"info","message":"Product removed","timestamp":"2023-05-30T11:21:18.768Z"}
{"level":"info","message":"Product added successfully in the cart","timestamp":"2023-05-30T11:21:55.021Z"}
{"level":"info","message":"Product added successfully in the cart","timestamp":"2023-05-30T11:21:56.256Z"}
{"level":"info","message":"Product quantity decremented successfully","timestamp":"2023-05-30T11:21:59.227Z"}
{"level":"info","message":"Product removed","timestamp":"2023-05-30T11:22:01.610Z"}
{"level":"info","message":"Product added successfully in the cart","timestamp":"2023-05-30T11:23:34.889Z"}
{"level":"info","message":"Product added successfully in the cart","timestamp":"2023-05-30T11:23:35.904Z"}
{"level":"info","message":"Product quantity decremented successfully","timestamp":"2023-05-30T11:23:38.849Z"}
{"level":"info","message":"Product removed","timestamp":"2023-05-30T11:23:42.382Z"}
{"level":"info","message":"Product added successfully in the cart","timestamp":"2023-05-30T11:23:50.004Z"}
{"level":"info","message":"Product added successfully in the cart","timestamp":"2023-05-30T11:23:50.775Z"}
{"level":"info","message":"Product added successfully in the cart","timestamp":"2023-05-30T11:23:51.566Z"}
{"level":"info","message":"Product added successfully in the cart","timestamp":"2023-05-30T11:24:18.232Z"}
{"level":"info","message":"Product added successfully in the cart","timestamp":"2023-05-30T11:24:21.023Z"}
{"level":"info","message":"Product added successfully in the cart","timestamp":"2023-05-30T11:24:21.885Z"}
{"level":"info","message":"Product added successfully in the cart","timestamp":"2023-05-30T11:24:26.382Z"}
{"level":"info","message":"Product added successfully in the cart","timestamp":"2023-05-30T11:24:27.266Z"}
{"level":"info","message":"Product quantity decremented successfully","timestamp":"2023-05-30T11:24:35.115Z"}
{"level":"info","message":"Product quantity decremented successfully","timestamp":"2023-05-30T11:24:54.521Z"}
{"level":"info","message":"Product removed","timestamp":"2023-05-30T11:24:58.192Z"}
{"level":"info","message":"Product added successfully in the cart","timestamp":"2023-05-30T11:25:22.622Z"}
{"level":"info","message":"Product added successfully in the cart","timestamp":"2023-05-30T11:25:24.151Z"}
{"level":"info","message":"Product quantity decremented successfully","timestamp":"2023-05-30T11:25:35.384Z"}
{"level":"info","message":"The cart has been emptied successfully","timestamp":"2023-05-30T11:25:40.943Z"}
{"level":"info","message":"Product added successfully in the cart","timestamp":"2023-05-30T11:25:43.488Z"}
{"level":"info","message":"Product added successfully in the cart","timestamp":"2023-05-30T11:25:55.233Z"}
{"level":"info","message":"Product quantity decremented successfully","timestamp":"2023-05-30T11:25:58.728Z"}
{"level":"info","message":"Product added successfully in the cart","timestamp":"2023-05-30T11:33:33.888Z"}
{"level":"info","message":"Product quantity decremented successfully","timestamp":"2023-05-30T11:33:41.842Z"}
{"level":"info","message":"Product removed","timestamp":"2023-05-30T11:33:43.097Z"}
{"level":"info","message":"Product added successfully in the cart","timestamp":"2023-05-30T11:33:47.560Z"}
{"level":"info","message":"Product added successfully in the cart","timestamp":"2023-05-30T11:33:48.391Z"}
{"level":"info","message":"Product added successfully in the cart","timestamp":"2023-05-30T11:33:49.178Z"}
{"level":"info","message":"Product quantity decremented successfully","timestamp":"2023-05-30T11:33:56.552Z"}
{"level":"info","message":"Product added successfully in the cart","timestamp":"2023-05-30T11:35:02.462Z"}
{"level":"info","message":"Product added successfully in the cart","timestamp":"2023-05-30T11:35:03.237Z"}
{"level":"info","message":"Product quantity incremented successfully","timestamp":"2023-05-30T11:35:08.536Z"}
{"level":"info","message":"Product quantity decremented successfully","timestamp":"2023-05-30T11:35:16.567Z"}
{"level":"info","message":"Product quantity decremented successfully","timestamp":"2023-05-30T11:35:23.121Z"}
{"level":"info","message":"Product quantity decremented successfully","timestamp":"2023-05-30T11:35:26.694Z"}
{"level":"info","message":"Product added successfully in the cart","timestamp":"2023-05-30T11:35:59.791Z"}
{"level":"info","message":"Product added successfully in the cart","timestamp":"2023-05-30T11:36:00.707Z"}
{"level":"info","message":"Product quantity incremented successfully","timestamp":"2023-05-30T11:36:10.052Z"}
{"level":"info","message":"Product quantity decremented successfully","timestamp":"2023-05-30T11:36:14.613Z"}
{"level":"info","message":"Product removed","timestamp":"2023-05-30T11:36:17.053Z"}
{"level":"info","message":"Product added successfully in the cart","timestamp":"2023-05-30T11:36:22.142Z"}
{"level":"info","message":"Product added successfully in the cart","timestamp":"2023-05-30T11:36:23.126Z"}
{"level":"info","message":"Product added successfully in the cart","timestamp":"2023-05-30T11:36:24.150Z"}
{"level":"info","message":"Product quantity incremented successfully","timestamp":"2023-05-30T11:38:26.866Z"}
{"level":"info","message":"Product quantity decremented successfully","timestamp":"2023-05-30T11:38:32.974Z"}
{"level":"info","message":"Product quantity decremented successfully","timestamp":"2023-05-30T11:38:34.127Z"}
{"level":"info","message":"Product quantity decremented successfully","timestamp":"2023-05-30T11:38:34.874Z"}
{"level":"info","message":"Product removed","timestamp":"2023-05-30T11:38:35.808Z"}
{"level":"info","message":"Product added successfully in the cart","timestamp":"2023-05-30T11:38:39.938Z"}
{"level":"info","message":"Product added successfully in the cart","timestamp":"2023-05-30T11:38:40.605Z"}
{"level":"info","message":"Product added successfully in the cart","timestamp":"2023-05-30T11:38:41.301Z"}
{"level":"info","message":"Product quantity decremented successfully","timestamp":"2023-05-30T11:38:44.031Z"}
{"level":"info","message":"Product quantity decremented successfully","timestamp":"2023-05-30T11:38:48.826Z"}
{"level":"info","message":"Product removed","timestamp":"2023-05-30T11:38:52.102Z"}
{"level":"info","message":"Product added successfully in the cart","timestamp":"2023-05-30T11:39:03.943Z"}
{"level":"info","message":"Product added successfully in the cart","timestamp":"2023-05-30T11:39:04.730Z"}
{"level":"info","message":"Product quantity incremented successfully","timestamp":"2023-05-30T11:39:10.730Z"}
{"level":"info","message":"Product quantity decremented successfully","timestamp":"2023-05-30T11:39:17.359Z"}
{"level":"info","message":"Product removed","timestamp":"2023-05-30T11:39:22.533Z"}
{"level":"info","message":"Product added successfully in the cart","timestamp":"2023-05-30T11:45:17.106Z"}
{"level":"info","message":"Product added successfully in the cart","timestamp":"2023-05-30T11:45:18.221Z"}
{"level":"info","message":"Product quantity incremented successfully","timestamp":"2023-05-30T11:45:24.901Z"}
{"level":"info","message":"Product quantity decremented successfully","timestamp":"2023-05-30T11:45:29.612Z"}
{"level":"info","message":"The cart has been emptied successfully","timestamp":"2023-05-30T11:45:40.509Z"}
{"level":"info","message":"Product added successfully in the cart","timestamp":"2023-05-30T11:45:44.017Z"}
{"level":"info","message":"Product added successfully in the cart","timestamp":"2023-05-30T11:45:45.106Z"}
{"level":"info","message":"Product quantity decremented successfully","timestamp":"2023-05-30T11:45:52.160Z"}
{"level":"info","message":"Product removed","timestamp":"2023-05-30T11:45:55.007Z"}
{"level":"info","message":"Product added successfully in the cart","timestamp":"2023-05-30T11:46:02.220Z"}
{"level":"info","message":"Product added successfully in the cart","timestamp":"2023-05-30T11:46:02.994Z"}
{"level":"info","message":"Product added successfully in the cart","timestamp":"2023-05-30T11:46:03.770Z"}
{"level":"info","message":"Product quantity decremented successfully","timestamp":"2023-05-30T11:46:08.585Z"}
{"level":"info","message":"Product quantity decremented successfully","timestamp":"2023-05-30T11:46:12.167Z"}
{"level":"info","message":"Product removed","timestamp":"2023-05-30T11:46:22.386Z"}
{"level":"info","message":"Product added successfully in the cart","timestamp":"2023-05-30T11:46:49.678Z"}
{"level":"info","message":"Product added successfully in the cart","timestamp":"2023-05-30T11:46:51.307Z"}
{"level":"info","message":"Product added successfully in the cart","timestamp":"2023-05-30T11:46:57.939Z"}
{"level":"info","message":"Product quantity decremented successfully","timestamp":"2023-05-30T11:47:07.779Z"}
{"level":"info","message":"Product removed","timestamp":"2023-05-30T11:47:15.499Z"}
{"level":"info","message":"Product added successfully in the cart","timestamp":"2023-05-30T11:47:38.987Z"}
{"level":"info","message":"Product added successfully in the cart","timestamp":"2023-05-30T11:47:40.731Z"}
{"level":"info","message":"Product added successfully in the cart","timestamp":"2023-05-30T11:47:44.438Z"}
{"level":"info","message":"The cart has been emptied successfully","timestamp":"2023-05-30T11:49:08.412Z"}
{"level":"info","message":"Product added successfully in the cart","timestamp":"2023-05-30T11:49:11.399Z"}
{"level":"info","message":"Product added successfully in the cart","timestamp":"2023-05-30T11:49:13.928Z"}
{"level":"info","message":"Product quantity decremented successfully","timestamp":"2023-05-30T11:49:17.049Z"}
{"level":"info","message":"Product quantity decremented successfully","timestamp":"2023-05-30T11:49:23.427Z"}
{"level":"info","message":"Product added successfully in the cart","timestamp":"2023-05-30T11:56:49.224Z"}
{"level":"info","message":"Product added successfully in the cart","timestamp":"2023-05-30T11:56:55.728Z"}
{"level":"info","message":"Product added successfully in the cart","timestamp":"2023-05-30T11:56:56.341Z"}
{"level":"info","message":"Product added successfully in the cart","timestamp":"2023-05-30T11:56:59.082Z"}
{"level":"info","message":"Product added successfully in the cart","timestamp":"2023-05-30T11:56:59.956Z"}
{"level":"info","message":"Product quantity incremented successfully","timestamp":"2023-05-30T11:58:26.069Z"}
{"level":"info","message":"Product quantity incremented successfully","timestamp":"2023-05-30T11:58:46.606Z"}
{"level":"info","message":"Product quantity incremented successfully","timestamp":"2023-05-30T11:58:55.862Z"}
{"level":"info","message":"Product quantity incremented successfully","timestamp":"2023-05-30T11:59:00.122Z"}
{"level":"info","message":"Product quantity incremented successfully","timestamp":"2023-05-30T11:59:10.697Z"}
{"level":"info","message":"Product quantity incremented successfully","timestamp":"2023-05-30T11:59:35.519Z"}
{"level":"info","message":"Product quantity decremented successfully","timestamp":"2023-05-30T12:02:36.444Z"}
{"level":"info","message":"Product quantity decremented successfully","timestamp":"2023-05-30T12:02:41.373Z"}
{"level":"info","message":"Product quantity decremented successfully","timestamp":"2023-05-30T12:40:04.254Z"}
{"level":"info","message":"Product quantity decremented successfully","timestamp":"2023-05-30T12:40:07.581Z"}
{"level":"info","message":"Product quantity decremented successfully","timestamp":"2023-05-30T12:41:50.841Z"}
{"level":"info","message":"Product removed","timestamp":"2023-05-30T12:41:58.835Z"}
{"level":"info","message":"Product added successfully in the cart","timestamp":"2023-05-30T12:42:06.091Z"}
{"level":"info","message":"Product added successfully in the cart","timestamp":"2023-05-30T12:42:07.217Z"}
{"level":"info","message":"Product quantity decremented successfully","timestamp":"2023-05-30T12:42:13.601Z"}
{"level":"info","message":"Product added successfully in the cart","timestamp":"2023-05-30T12:42:22.875Z"}
{"level":"info","message":"Product added successfully in the cart","timestamp":"2023-05-30T12:42:26.909Z"}
{"level":"info","message":"Product quantity incremented successfully","timestamp":"2023-05-30T12:42:39.929Z"}
{"level":"info","message":"Product quantity incremented successfully","timestamp":"2023-05-30T12:42:40.797Z"}
{"level":"info","message":"Product quantity decremented successfully","timestamp":"2023-05-30T12:42:44.805Z"}
{"level":"info","message":"Product quantity decremented successfully","timestamp":"2023-05-30T12:42:53.684Z"}
{"level":"info","message":"Product quantity decremented successfully","timestamp":"2023-05-30T12:42:59.589Z"}
{"level":"info","message":"Product quantity incremented successfully","timestamp":"2023-05-30T12:43:11.339Z"}
{"level":"info","message":"Product quantity incremented successfully","timestamp":"2023-05-30T12:43:13.976Z"}
{"level":"info","message":"Product quantity decremented successfully","timestamp":"2023-05-30T12:45:24.674Z"}
{"level":"info","message":"Product removed","timestamp":"2023-05-30T12:45:30.982Z"}
{"level":"info","message":"Product added successfully in the cart","timestamp":"2023-05-30T12:45:44.210Z"}
{"level":"info","message":"Product quantity incremented successfully","timestamp":"2023-05-30T12:45:48.911Z"}
{"level":"info","message":"Product quantity decremented successfully","timestamp":"2023-05-30T12:46:00.155Z"}
{"level":"info","message":"Product quantity incremented successfully","timestamp":"2023-05-30T12:48:43.548Z"}
{"level":"info","message":"Product quantity incremented successfully","timestamp":"2023-05-30T12:48:46.214Z"}
{"level":"info","message":"Product quantity decremented successfully","timestamp":"2023-05-30T12:48:52.327Z"}
{"level":"info","message":"The cart has been emptied successfully","timestamp":"2023-05-30T12:48:57.929Z"}
{"level":"info","message":"Product added successfully in the cart","timestamp":"2023-05-30T12:49:00.135Z"}
{"level":"info","message":"Product added successfully in the cart","timestamp":"2023-05-30T12:49:02.744Z"}
{"level":"info","message":"Product quantity incremented successfully","timestamp":"2023-05-30T12:49:10.418Z"}
{"level":"info","message":"Product quantity decremented successfully","timestamp":"2023-05-30T12:53:23.547Z"}
{"level":"info","message":"Product removed","timestamp":"2023-05-30T12:53:29.520Z"}
{"level":"info","message":"Product added successfully in the cart","timestamp":"2023-05-30T12:53:34.798Z"}
{"level":"info","message":"Product added successfully in the cart","timestamp":"2023-05-30T12:53:36.374Z"}
{"level":"info","message":"Product quantity incremented successfully","timestamp":"2023-05-30T12:53:40.157Z"}
{"level":"info","message":"Product removed","timestamp":"2023-05-30T12:53:46.454Z"}
{"level":"info","message":"Product added successfully in the cart","timestamp":"2023-05-30T12:54:46.933Z"}
{"level":"info","message":"Product added successfully in the cart","timestamp":"2023-05-30T12:54:48.238Z"}
{"level":"info","message":"The cart has been emptied successfully","timestamp":"2023-05-30T12:54:54.203Z"}
{"level":"info","message":"Product added successfully in the cart","timestamp":"2023-05-30T12:54:59.120Z"}
{"level":"info","message":"Product added successfully in the cart","timestamp":"2023-05-30T12:55:01.970Z"}
{"level":"info","message":"Product quantity incremented successfully","timestamp":"2023-05-30T12:55:09.709Z"}
{"level":"info","message":"The cart has been emptied successfully","timestamp":"2023-05-30T12:57:59.622Z"}
{"level":"info","message":"Product added successfully in the cart","timestamp":"2023-05-30T12:58:03.016Z"}
{"level":"info","message":"Product added successfully in the cart","timestamp":"2023-05-30T12:58:08.016Z"}
{"level":"info","message":"Product quantity incremented successfully","timestamp":"2023-05-30T12:58:13.919Z"}
{"level":"info","message":"Product quantity decremented successfully","timestamp":"2023-05-30T12:58:24.009Z"}
{"level":"info","message":"Product quantity decremented successfully","timestamp":"2023-05-30T12:58:29.560Z"}
{"level":"info","message":"Product quantity decremented successfully","timestamp":"2023-05-30T12:58:36.212Z"}
{"level":"info","message":"Product quantity decremented successfully","timestamp":"2023-05-30T12:58:40.893Z"}
{"level":"info","message":"Product removed","timestamp":"2023-05-30T12:58:44.063Z"}
{"level":"info","message":"Product added successfully in the cart","timestamp":"2023-05-30T12:58:50.987Z"}
{"level":"info","message":"Product added successfully in the cart","timestamp":"2023-05-30T12:58:51.788Z"}
{"level":"info","message":"Product added successfully in the cart","timestamp":"2023-05-30T12:58:53.470Z"}
{"level":"info","message":"Product added successfully in the cart","timestamp":"2023-05-30T12:58:54.587Z"}
{"level":"info","message":"Product added successfully in the cart","timestamp":"2023-05-30T12:59:10.606Z"}
{"level":"info","message":"Product added successfully in the cart","timestamp":"2023-05-30T12:59:11.414Z"}
{"level":"info","message":"Product added successfully in the cart","timestamp":"2023-05-30T12:59:12.201Z"}
{"level":"info","message":"Product quantity incremented successfully","timestamp":"2023-05-30T12:59:23.541Z"}
{"level":"info","message":"Product quantity incremented successfully","timestamp":"2023-05-30T12:59:27.880Z"}
{"level":"info","message":"Product quantity decremented successfully","timestamp":"2023-05-30T12:59:35.142Z"}
{"level":"info","message":"Product quantity decremented successfully","timestamp":"2023-05-30T12:59:37.934Z"}
{"level":"info","message":"Product quantity incremented successfully","timestamp":"2023-05-30T13:02:12.653Z"}
{"level":"info","message":"Product quantity decremented successfully","timestamp":"2023-05-30T13:04:15.375Z"}
{"level":"info","message":"Product quantity incremented successfully","timestamp":"2023-05-30T13:04:27.838Z"}
{"level":"info","message":"Product quantity incremented successfully","timestamp":"2023-05-30T13:05:37.949Z"}
{"level":"info","message":"Product quantity incremented successfully","timestamp":"2023-05-30T13:06:17.183Z"}
{"level":"info","message":"Product quantity incremented successfully","timestamp":"2023-05-30T13:06:27.496Z"}
{"level":"info","message":"Product quantity decremented successfully","timestamp":"2023-05-30T13:06:44.870Z"}
{"level":"info","message":"Product quantity decremented successfully","timestamp":"2023-05-30T13:06:46.258Z"}
{"level":"info","message":"Product quantity incremented successfully","timestamp":"2023-05-30T13:06:58.536Z"}
{"level":"info","message":"User created successfully","timestamp":"2023-05-30T18:37:22.483Z"}
{"level":"info","message":"User created successfully","timestamp":"2023-05-30T18:37:55.646Z"}
{"level":"info","message":"User email verified successfully","timestamp":"2023-05-30T18:38:16.169Z"}
{"level":"info","message":"Successfully retrieved all the user details","timestamp":"2023-05-30T18:38:41.335Z"}
{"level":"info","message":"Successfully retrieved the user details","timestamp":"2023-05-30T18:38:48.967Z"}
{"level":"info","message":"Successfully retrieved the user details","timestamp":"2023-05-30T18:38:52.636Z"}
{"level":"info","message":"Successfully retrieved the user details","timestamp":"2023-05-30T18:39:05.462Z"}
{"level":"info","message":"Login successful","timestamp":"2023-05-30T18:39:19.869Z"}
{"level":"info","message":"User updated","timestamp":"2023-05-30T18:39:48.318Z"}
{"level":"info","message":"User updated","timestamp":"2023-05-30T18:39:57.438Z"}
{"level":"info","message":"User deleted","timestamp":"2023-05-30T18:40:58.586Z"}
{"level":"info","message":"User updated","timestamp":"2023-05-30T18:42:06.625Z"}
{"level":"info","message":"User deleted","timestamp":"2023-05-30T18:42:20.640Z"}
{"level":"info","message":"User updated","timestamp":"2023-05-30T18:42:49.275Z"}
{"level":"info","message":"Successfully filtered the user details","timestamp":"2023-05-30T18:42:57.518Z"}
{"level":"info","message":"Successfully filtered the user details","timestamp":"2023-05-30T18:43:10.887Z"}
{"level":"info","message":"Offer created","timestamp":"2023-05-30T18:43:48.401Z"}
{"level":"info","message":"Offer created","timestamp":"2023-05-30T18:44:02.669Z"}
{"level":"info","message":"Successfully retrieved all the offer details","timestamp":"2023-05-30T18:44:08.003Z"}
{"level":"info","message":"Offer updated","timestamp":"2023-05-30T18:44:13.696Z"}
{"level":"info","message":"Offer updated","timestamp":"2023-05-30T18:44:30.561Z"}
{"level":"info","message":"Product created","timestamp":"2023-05-30T18:45:38.689Z"}
{"level":"info","message":"Successfully retrieved all the products","timestamp":"2023-05-30T18:45:56.141Z"}
{"level":"info","message":"Product updated","timestamp":"2023-05-30T18:46:11.575Z"}
{"level":"info","message":"Successfully searched the products","timestamp":"2023-05-30T18:46:15.915Z"}
{"level":"info","message":"Successfully searched the products","timestamp":"2023-05-30T18:46:25.428Z"}
{"level":"info","message":"The products have been successfully sorted","timestamp":"2023-05-30T18:46:29.472Z"}
{"level":"info","message":"The products have been successfully sorted","timestamp":"2023-05-30T18:46:35.997Z"}
{"level":"info","message":"The products have been successfully sorted","timestamp":"2023-05-30T18:46:47.326Z"}
{"level":"info","message":"Product added to favorites","timestamp":"2023-05-30T18:47:21.115Z"}
{"level":"info","message":"Successfully retrieved all favorite products","timestamp":"2023-05-30T18:47:28.648Z"}
{"level":"info","message":"Favorite product removed","timestamp":"2023-05-30T18:47:38.496Z"}
{"level":"info","message":"Product added successfully in the cart","timestamp":"2023-05-30T18:48:26.558Z"}
{"level":"info","message":"Product added successfully in the cart","timestamp":"2023-05-30T18:48:48.767Z"}
{"level":"info","message":"Product added successfully in the cart","timestamp":"2023-05-30T18:48:49.548Z"}
{"level":"info","message":"Product added successfully in the cart","timestamp":"2023-05-30T18:48:50.528Z"}
{"level":"info","message":"Product added successfully in the cart","timestamp":"2023-05-30T18:48:51.493Z"}
{"level":"info","message":"Product added successfully in the cart","timestamp":"2023-05-30T18:48:52.529Z"}
{"level":"info","message":"Product added successfully in the cart","timestamp":"2023-05-30T18:48:57.062Z"}
{"level":"info","message":"Successfully retrieved all the cart details","timestamp":"2023-05-30T18:49:08.121Z"}
{"level":"info","message":"Product quantity incremented successfully","timestamp":"2023-05-30T18:49:22.072Z"}
{"level":"info","message":"Product quantity decremented successfully","timestamp":"2023-05-30T18:49:27.233Z"}
{"level":"info","message":"The cart have been successfully sorted","timestamp":"2023-05-30T18:49:36.460Z"}
{"level":"info","message":"The cart have been successfully sorted","timestamp":"2023-05-30T18:49:41.844Z"}
{"level":"info","message":"The cart have been successfully sorted","timestamp":"2023-05-30T18:49:51.388Z"}
{"level":"info","message":"The cart have been successfully sorted","timestamp":"2023-05-30T18:50:00.819Z"}
{"level":"info","message":"The cart have been successfully sorted","timestamp":"2023-05-30T18:50:03.303Z"}
{"level":"info","message":"Successfully searched the cart details","timestamp":"2023-05-30T18:50:15.871Z"}
{"level":"info","message":"Successfully searched the cart details","timestamp":"2023-05-30T18:50:26.130Z"}
{"level":"info","message":"Review deleted","timestamp":"2023-05-30T18:51:23.742Z"}
{"level":"info","message":"Review updated","timestamp":"2023-05-30T18:51:35.213Z"}
{"level":"info","message":"Review created","timestamp":"2023-05-30T18:52:52.011Z"}
{"level":"info","message":"Successfully retrieved all the reviews","timestamp":"2023-05-30T18:53:01.043Z"}
{"level":"info","message":"Review updated","timestamp":"2023-05-30T18:53:09.311Z"}
{"level":"info","message":"Review deleted","timestamp":"2023-05-30T18:53:13.690Z"}
{"level":"info","message":"Successfully retrieved all the reviews","timestamp":"2023-05-30T18:53:23.187Z"}
